2023-05-22 14:15:20 [App] debug: Hello there
2023-05-22 14:16:12 [App] debug: Hello there
2023-05-22 14:16:19 [App] debug: Hello there
2023-05-22 14:16:19 [App] debug: Hello there
2023-05-22 14:16:19 [App] debug: Hello there
2023-05-22 14:16:19 [App] debug: Hello there
2023-05-22 14:16:22 [App] debug: Hello there
2023-05-22 14:16:22 [App] error: Hello there
2023-05-22 14:16:22 [App] debug: Hello there
2023-05-22 14:16:22 [App] debug: Hello there
2023-05-22 14:16:25 [App] debug: Hello there
2023-05-22 14:16:25 [App] error: Hello there
2023-05-22 14:16:25 [App] silly: Hello there
2023-05-22 14:16:25 [App] debug: Hello there
2023-05-22 14:16:28 [App] debug: Hello there
2023-05-22 14:16:28 [App] error: Hello there
2023-05-22 14:16:28 [App] silly: Hello there
2023-05-22 14:16:28 [App] info: Hello there
2023-05-22 14:16:41 [App] debug: Hello there
2023-05-22 14:16:41 [App] error: Hello there
2023-05-22 14:16:41 [App] silly: Hello there
2023-05-22 14:16:41 [App] info: Hello there
2023-05-22 14:16:45 [App] debug: Hello there
2023-05-22 14:16:45 [App] error: Hello there
2023-05-22 14:16:45 [App] silly: Hello there
2023-05-22 14:16:45 [App] info: Hello there
{"level":"debug","message":"Hello there","timestamp":"2023-05-22 14:16:54"}
{"level":"error","message":"Hello there","timestamp":"2023-05-22 14:16:54"}
{"level":"silly","message":"Hello there","timestamp":"2023-05-22 14:16:54"}
{"level":"info","message":"Hello there","timestamp":"2023-05-22 14:16:54"}
2023-05-22 14:17:13 [App] debug: Hello there
2023-05-22 14:17:13 [App] error: Hello there
2023-05-22 14:17:13 [App] silly: Hello there
2023-05-22 14:17:13 [App] info: Hello there
